PANIC DETECTED [1763069933]
============================================
Message: called `Result::unwrap()` on an `Err` value: UnrecognizedFormat
Location: C:\Users\isich\.cargo\registry\src\index.crates.io-1949cf8c6b5b557f\bevy_audio-0.17.2\src\audio_source.rs:102:56
GameState: InGame
MenuState: Main

Backtrace:
   0: std::backtrace_rs::backtrace::win64::trace
             at /rustc/1159e78c4747b02ef996e55082b704c09b970588/library\std\src\..\..\backtrace\src\backtrace\win64.rs:85
   1: std::backtrace_rs::backtrace::trace_unsynchronized
             at /rustc/1159e78c4747b02ef996e55082b704c09b970588/library\std\src\..\..\backtrace\src\backtrace\mod.rs:66
   2: std::backtrace::Backtrace::create
             at /rustc/1159e78c4747b02ef996e55082b704c09b970588/library\std\src\backtrace.rs:331
   3: std::backtrace::Backtrace::capture
             at /rustc/1159e78c4747b02ef996e55082b704c09b970588/library\std\src\backtrace.rs:296
   4: <winit::window::_::InternalBitFlags as core::fmt::Display>::fmt
   5: std::panicking::rust_panic_with_hook
             at /rustc/1159e78c4747b02ef996e55082b704c09b970588/library\std\src\panicking.rs:841
   6: std::panicking::begin_panic_handler::closure$0
             at /rustc/1159e78c4747b02ef996e55082b704c09b970588/library\std\src\panicking.rs:706
   7: std::sys::backtrace::__rust_end_short_backtrace<std::panicking::begin_panic_handler::closure_env$0,never$>
             at /rustc/1159e78c4747b02ef996e55082b704c09b970588/library\std\src\sys\backtrace.rs:174
   8: std::panicking::begin_panic_handler
             at /rustc/1159e78c4747b02ef996e55082b704c09b970588/library\std\src\panicking.rs:697
   9: core::panicking::panic_fmt
             at /rustc/1159e78c4747b02ef996e55082b704c09b970588/library\core\src\panicking.rs:75
  10: core::result::unwrap_failed
             at /rustc/1159e78c4747b02ef996e55082b704c09b970588/library\core\src\result.rs:1765
  11: <bevy_audio::audio_source::AudioSource as bevy_audio::audio_source::Decodable>::decoder
  12: bevy_audio::audio_output::EarPositions::get
  13: bevy_asset::handle::_::<impl bevy_reflect::type_registry::GetTypeRegistration for bevy_asset::handle::Handle<A>>::register_type_dependencies
  14: <bevy_ecs::schedule::executor::ApplyDeferred as bevy_ecs::system::system::System>::default_system_sets
  15: <bevy_diagnostic::DiagnosticsPlugin as bevy_app::plugin::Plugin>::build
  16: <bevy_diagnostic::DiagnosticsPlugin as bevy_app::plugin::Plugin>::build
  17: std::sys::backtrace::__rust_begin_short_backtrace
  18: std::sys::backtrace::__rust_begin_short_backtrace
  19: alloc::boxed::impl$28::call_once
             at /rustc/1159e78c4747b02ef996e55082b704c09b970588/library\alloc\src\boxed.rs:1971
  20: alloc::boxed::impl$28::call_once
             at /rustc/1159e78c4747b02ef996e55082b704c09b970588/library\alloc\src\boxed.rs:1971
  21: std::sys::pal::windows::thread::impl$0::new::thread_start
             at /rustc/1159e78c4747b02ef996e55082b704c09b970588/library\std\src\sys\pal\windows\thread.rs:60
  22: BaseThreadInitThunk
  23: RtlUserThreadStart

============================================

